{"/Users/astroneuro/Codes/Web_Frontend/Final2/Skateboard_Website/frontend/src/utility.js": {"path":"/Users/astroneuro/Codes/Web_Frontend/Final2/Skateboard_Website/frontend/src/utility.js","statementMap":{"0":{"start":{"line":1,"column":27},"end":{"line":19,"column":1}},"1":{"start":{"line":2,"column":20},"end":{"line":2,"column":21}},"2":{"start":{"line":3,"column":18},"end":{"line":3,"column":19}},"3":{"start":{"line":5,"column":2},"end":{"line":8,"column":3}},"4":{"start":{"line":6,"column":4},"end":{"line":6,"column":51}},"5":{"start":{"line":7,"column":4},"end":{"line":7,"column":16}},"6":{"start":{"line":10,"column":2},"end":{"line":10,"column":35}},"7":{"start":{"line":12,"column":2},"end":{"line":16,"column":3}},"8":{"start":{"line":13,"column":4},"end":{"line":13,"column":18}},"9":{"start":{"line":15,"column":4},"end":{"line":15,"column":19}},"10":{"start":{"line":18,"column":2},"end":{"line":18,"column":57}}},"fnMap":{"0":{"name":"(anonymous_0)","decl":{"start":{"line":1,"column":27},"end":{"line":1,"column":28}},"loc":{"start":{"line":1,"column":55},"end":{"line":19,"column":1}},"line":1}},"branchMap":{"0":{"loc":{"start":{"line":12,"column":2},"end":{"line":16,"column":3}},"type":"if","locations":[{"start":{"line":12,"column":2},"end":{"line":16,"column":3}},{"start":{"line":12,"column":2},"end":{"line":16,"column":3}}],"line":12}},"s":{"0":1,"1":4,"2":4,"3":4,"4":4,"5":4,"6":4,"7":4,"8":2,"9":2,"10":4},"f":{"0":4},"b":{"0":[2,2]},"_coverageSchema":"1a1c01bbd47fc00a2c39e90264f33305004495a9","hash":"7cabadfd45e9d3cbd8b3cf1646cd722217ae69a3"}
}
